number,value,datetime_start,datetime_complete,duration,params_alpha,params_colsample_bytree,params_eta,params_gamma,params_lambda,params_max_depth,params_min_child_weight,params_subsample,state
0,0.47776341650211557,2026-05-08 16:53:08.173103,2026-05-08 16:53:14.208218,0 days 00:00:06.035115,0.48994197664898054,0.5648837568461551,0.1125885534601947,2.343779028738828,0.6679677329284911,12,6,0.5528107779512885,COMPLETE
1,0.4042358258315186,2026-05-08 16:53:14.208218,2026-05-08 16:53:17.488509,0 days 00:00:03.280291,0.0084656618206892,0.5906178063799437,0.0952837800651655,0.7583135674525904,0.20403141731560492,7,7,0.7788327478214763,COMPLETE
2,0.6000095963812432,2026-05-08 16:53:17.488509,2026-05-08 16:53:21.521823,0 days 00:00:04.033314,2.7075928715182656,0.6092769446414341,0.0764379815001243,4.106519548588796,0.21148718504175987,8,2,0.8045307348280302,COMPLETE
3,0.48349215359477504,2026-05-08 16:53:21.521823,2026-05-08 16:53:30.146620,0 days 00:00:08.624797,2.5879179236399107e-07,0.575408584366521,0.011067060352427594,1.4693164180046014,2.8964291440671444,10,10,0.7777105184099686,COMPLETE
4,0.5027171135004288,2026-05-08 16:53:30.146620,2026-05-08 16:53:36.515281,0 days 00:00:06.368661,8.889639881314416e-06,0.9886579217391921,0.04829236225067429,3.3411806581092747,1.6892466351209676,4,4,0.5563159169843692,COMPLETE
5,0.42812029312976324,2026-05-08 16:53:36.517283,2026-05-08 16:53:39.338631,0 days 00:00:02.821348,0.06841785375493613,0.6827040704526453,0.260550843992283,0.7638782988230908,19.91169449814357,7,5,0.6699560195767313,COMPLETE
6,0.42115335365207224,2026-05-08 16:53:39.338631,2026-05-08 16:53:44.350682,0 days 00:00:05.012051,3.175682500691778e-07,0.5519101307095673,0.07981920116579125,1.2081363810830537,0.45428463509655187,6,6,0.5568548635439762,COMPLETE
7,0.46689440432064117,2026-05-08 16:53:44.350682,2026-05-08 16:53:51.374199,0 days 00:00:07.023517,2.4370454173549744e-08,0.7027700804681786,0.045275944979526944,1.5208557532017841,13.619235767948036,12,1,0.70367044199509,COMPLETE
8,0.5280938650745449,2026-05-08 16:53:51.374199,2026-05-08 16:53:58.815663,0 days 00:00:07.441464,5.110929966859833e-05,0.5281151122081575,0.018316078151158155,0.34723134737175976,2.0197692692891724,3,15,0.9845647742516075,COMPLETE
9,0.538246712662077,2026-05-08 16:53:58.815663,2026-05-08 16:54:00.359854,0 days 00:00:01.544191,0.03805791043711406,0.8703073307087961,0.2860725386115394,3.548214525307924,0.224585351283314,12,3,0.9982444874374803,COMPLETE
10,0.5847172717241088,2026-05-08 16:54:00.359854,2026-05-08 16:54:01.374130,0 days 00:00:01.014276,0.002773249066795465,0.7843529496897806,0.15983671952915698,4.886322961394294,0.11012068268351508,9,11,0.8643391621393876,COMPLETE
11,0.39498218996196244,2026-05-08 16:54:01.374130,2026-05-08 16:54:08.922226,0 days 00:00:07.548096,0.0007472796146331828,0.6436872084929202,0.03468099158199044,0.08039803236775112,0.5003662796246274,6,8,0.6346082287417886,COMPLETE
12,0.40645959646042895,2026-05-08 16:54:08.922226,2026-05-08 16:54:19.028956,0 days 00:00:10.106730,0.0018428202990682075,0.6524249765453726,0.025316972938984758,0.2521949891786348,0.6542220698627639,5,9,0.6339681300915327,COMPLETE
13,0.5328894883419418,2026-05-08 16:54:19.028956,2026-05-08 16:54:25.393011,0 days 00:00:06.364055,0.0004255396967126143,0.7975829633785629,0.028759933371460426,2.185953719742991,0.3405752152984019,6,12,0.8850757456968863,COMPLETE
14,0.39419844559090345,2026-05-08 16:54:25.393011,2026-05-08 16:54:35.113761,0 days 00:00:09.720750,0.01920996554995895,0.5060089936064612,0.03471321752609959,0.0387802441092312,0.109694837297049,7,8,0.6240076683902579,COMPLETE
15,0.39198111834671606,2026-05-08 16:54:35.113761,2026-05-08 16:54:43.151157,0 days 00:00:08.037396,3.6827565618352256e-05,0.5035562825497004,0.030892680142817902,0.07511227102873526,0.1065332625213333,9,8,0.6253632244083384,COMPLETE
16,0.5012420924318615,2026-05-08 16:54:43.151157,2026-05-08 16:54:51.766961,0 days 00:00:08.615804,1.8510361900836675e-05,0.5016088818817523,0.01780217532162535,1.8724202727801227,0.13390349306160326,10,14,0.500027269107575,COMPLETE
17,0.5458262450759284,2026-05-08 16:54:51.766961,2026-05-08 16:55:01.131490,0 days 00:00:09.364529,6.941783249814486e-05,0.5045783356718447,0.010402548051639107,2.930520177997031,0.10712480485257359,9,8,0.7001064679762286,COMPLETE
18,0.42932433390863317,2026-05-08 16:55:01.131490,2026-05-08 16:55:10.258896,0 days 00:00:09.127406,0.3666495671013975,0.8915294485645014,0.06107280345440953,0.8906232063684952,4.913912564117812,8,12,0.608687627037302,COMPLETE
19,0.3896658625602476,2026-05-08 16:55:10.258896,2026-05-08 16:55:26.969632,0 days 00:00:16.710736,1.2376205268355554e-06,0.7135703468853285,0.018341000436176057,0.030555909823853818,1.1542571546524831,10,10,0.7231378690053191,COMPLETE
20,0.4107157301934016,2026-05-08 16:55:26.969632,2026-05-08 16:55:39.314715,0 days 00:00:12.345083,1.436165183786432e-06,0.714972406418668,0.01867886583600554,0.6051901547714111,6.4207087356707,10,10,0.7214850971982657,COMPLETE
21,0.3949465654428751,2026-05-08 16:55:39.314715,2026-05-08 16:55:48.030851,0 days 00:00:08.716136,2.814256765986433e-06,0.6163636044596882,0.03383073826210066,0.015681872659908225,1.0524626800450034,9,9,0.5981305083249958,COMPLETE
22,0.3797828094306737,2026-05-08 16:55:48.030851,2026-05-08 16:56:00.193603,0 days 00:00:12.162752,1.1474774495825679e-08,0.7550696702207739,0.022004615068879026,0.4802165930312765,0.3171578093271037,11,7,0.6654841066123521,COMPLETE
23,0.41106966321652055,2026-05-08 16:56:00.193603,2026-05-08 16:56:11.585133,0 days 00:00:11.391530,1.3520586333787054e-08,0.7556922846711585,0.014305906187806371,1.0841904406881313,1.1787452687094206,11,6,0.6712556732105834,COMPLETE
24,0.40356281798029636,2026-05-08 16:56:11.585133,2026-05-08 16:56:24.194939,0 days 00:00:12.609806,1.1331982417333179e-07,0.8442263207018257,0.020650406781564747,0.6268315442450326,0.29854219462943765,11,13,0.7389767697846488,COMPLETE
25,0.4802234113181184,2026-05-08 16:56:24.194939,2026-05-08 16:56:33.603932,0 days 00:00:09.408993,1.4927534270229525e-06,0.9341226005411025,0.013023430332069008,1.7011683398154447,0.7918072041256978,11,10,0.8338679708301434,COMPLETE
26,0.3816050159824667,2026-05-08 16:56:33.603932,2026-05-08 16:56:44.071084,0 days 00:00:10.467152,7.217025907486723e-08,0.8221421515494353,0.0247419848977737,0.5321571987082652,0.1814960885556651,10,7,0.6648082023209833,COMPLETE
27,0.39507148449199675,2026-05-08 16:56:44.071084,2026-05-08 16:56:53.888287,0 days 00:00:09.817203,7.284938278919679e-08,0.8189784987884087,0.02222969292036264,1.2025026199221687,0.37973469271290283,11,4,0.6848820830481034,COMPLETE
28,0.39447846723884555,2026-05-08 16:56:53.888287,2026-05-08 16:57:02.076643,0 days 00:00:08.188356,4.3763228991774645e-08,0.7407380163299785,0.04283165059158023,0.48963173739529664,0.177239092333548,10,7,0.9293335954633735,COMPLETE
29,0.481645035527006,2026-05-08 16:57:02.076643,2026-05-08 16:57:12.131563,0 days 00:00:10.054920,1.0256797108914848e-08,0.7513629896093258,0.012809554698250718,2.164095595738118,0.7046945885936866,12,5,0.7538600476668029,COMPLETE
30,0.48074532785325735,2026-05-08 16:57:12.131563,2026-05-08 16:57:21.581620,0 days 00:00:09.450057,2.760308607697795e-07,0.7813524921473867,0.015406936164577036,2.5488165123815434,0.2647345433474154,11,7,0.5842376335366724,COMPLETE
31,0.3903217793746564,2026-05-08 16:57:21.581620,2026-05-08 16:57:32.421523,0 days 00:00:10.839903,5.1248198459566106e-06,0.9103786438653598,0.02684019786935465,0.46373698534905333,0.1669655066596611,9,9,0.6534789175174172,COMPLETE
32,0.3864049306734632,2026-05-08 16:57:32.423527,2026-05-08 16:57:43.083118,0 days 00:00:10.659591,4.17669064055e-06,0.9154657348504526,0.02404256291725626,0.40250602190875756,0.15401950996809438,10,9,0.6589790451461222,COMPLETE
33,0.4146346178586395,2026-05-08 16:57:43.083118,2026-05-08 16:57:53.529704,0 days 00:00:10.446586,5.154445954425029e-07,0.9441038946167383,0.023308473244785854,0.9765106202273619,0.16378060149370655,10,11,0.7693586118121487,COMPLETE
34,0.38190844218886755,2026-05-08 16:57:53.529704,2026-05-08 16:58:07.904748,0 days 00:00:14.375044,6.833630724083755e-07,0.8454689610721974,0.017524242150592322,0.3911249056655093,2.7204692297880375,8,7,0.7168994545841612,COMPLETE
35,0.4422359758666605,2026-05-08 16:58:07.904748,2026-05-08 16:58:16.240585,0 days 00:00:08.335837,1.1845863509382264e-07,0.8472512098179925,0.04094293418309971,1.4155116882174976,3.2399447496539167,8,5,0.8000454709829288,COMPLETE
36,0.39834153356914526,2026-05-08 16:58:16.240585,2026-05-08 16:58:22.837664,0 days 00:00:06.597079,4.643508724771675e-08,0.9621473181056702,0.06233282072548954,0.7782422590900824,2.4448823245160733,8,7,0.6580330201558328,COMPLETE
37,0.3976636559397622,2026-05-08 16:58:22.837664,2026-05-08 16:58:39.698811,0 days 00:00:16.861147,4.411555681113565e-07,0.8402767149683588,0.011730803946562864,0.3729177024206286,4.8924989432325034,12,6,0.5195585902541805,COMPLETE
38,0.41084687960277283,2026-05-08 16:58:39.698811,2026-05-08 16:58:41.509495,0 days 00:00:01.810684,1.1004220721363492e-05,0.9974528654996868,0.15608472328282794,1.3223083494516112,0.4853633319021582,11,4,0.5732002119977041,COMPLETE
39,0.40277242915448036,2026-05-08 16:58:41.509495,2026-05-08 16:58:53.124156,0 days 00:00:11.614661,1.4703921435610147e-07,0.9001914553262782,0.015486223839801732,0.9082900426177202,0.27155573248719217,7,7,0.6972114002941054,COMPLETE
40,0.4472494907187291,2026-05-08 16:58:53.124156,2026-05-08 16:59:01.000854,0 days 00:00:07.876698,3.0831532947581546e-08,0.8089592758703755,0.049851782697380116,1.809631865913848,0.22174400432111702,10,5,0.7990737512559851,COMPLETE
41,0.38511371426524366,2026-05-08 16:59:01.000854,2026-05-08 16:59:16.855924,0 days 00:00:15.855070,9.654466476027302e-07,0.8656748672116803,0.01658571191277192,0.243485134323821,1.4901958992343147,10,9,0.7171781984108558,COMPLETE
42,0.3960160462495774,2026-05-08 16:59:16.855924,2026-05-08 16:59:28.256345,0 days 00:00:11.400421,3.6301390081826104e-06,0.8772750982121255,0.021738489953227587,0.6567142360253877,1.57318023205906,9,9,0.7220336133265207,COMPLETE
43,0.3750750714898593,2026-05-08 16:59:28.257761,2026-05-08 16:59:50.653318,0 days 00:00:22.395557,6.054788110523306e-07,0.8574639887376032,0.015900138015086163,0.2930387742892646,3.5953225803509405,12,6,0.6702146465579563,COMPLETE
44,0.3695513640283606,2026-05-08 16:59:50.653318,2026-05-08 17:00:11.672185,0 days 00:00:21.018867,7.394185569867677e-07,0.8657733515854409,0.015259058299435828,0.21075785971085115,3.70069105344129,12,6,0.7569844240053574,COMPLETE
45,0.5888816928734831,2026-05-08 17:00:11.672185,2026-05-08 17:00:20.484151,0 days 00:00:08.811966,2.1564878879337436e-08,0.8229331737029693,0.01059180777467029,4.335264324693403,7.656722455920525,12,6,0.6732485026433059,COMPLETE
46,0.3856021449303501,2026-05-08 17:00:20.484151,2026-05-08 17:00:33.149669,0 days 00:00:12.665518,2.4258037836061204e-07,0.7757711629511168,0.01363046543256399,0.7360163481116335,3.2560426823206012,12,3,0.7573569117261144,COMPLETE
47,0.37036318189644485,2026-05-08 17:00:33.151672,2026-05-08 17:00:45.296654,0 days 00:00:12.144982,0.00013947305374581524,0.8511952696983697,0.020041437534801046,0.28438031305285905,2.3617790250039716,12,6,0.7785177453210074,COMPLETE
48,0.3653901357701359,2026-05-08 17:00:45.296654,2026-05-08 17:00:55.541608,0 days 00:00:10.244954,0.00020398323051068753,0.6864152403100803,0.028908798412435707,0.22068838000394286,2.1457171458423128,12,6,0.7819892054939706,COMPLETE
49,0.34807043526752324,2026-05-08 17:00:55.541608,2026-05-08 17:01:02.435664,0 days 00:00:06.894056,0.00016324724534974838,0.6781109894536784,0.03017557444888367,0.2355235705466447,2.0859921117789915,12,3,0.8358629848868456,COMPLETE
